android/app/build/intermediates/manifest_merge_blame_file/debug/manifest-merger-blame-debug-report.txt
1<?xml version="1.0" encoding="utf-8"?>
2<manifest xmlns:android="http://schemas.android.com/apk/res/android"
3    package="com.myble"
4    android:versionCode="1"
5    android:versionName="1.0" >
6
7    <uses-sdk
8        android:minSdkVersion="16"
9        android:targetSdkVersion="28" />
10
11    <uses-permission android:name="android.permission.SYSTEM_ALERT_WINDOW" />
11-->src/debug/AndroidManifest.xml:5:5-77
11-->src/debug/AndroidManifest.xml:5:22-75
12    <uses-permission android:name="android.permission.INTERNET" />
12-->src/main/AndroidManifest.xml:4:5-67
12-->src/main/AndroidManifest.xml:4:22-64
13    <uses-permission android:name="android.permission.ACCESS_WIFI_STATE" />
13-->[com.facebook.flipper:flipper:0.33.1] AndroidManifest.xml:16:5-76
13-->[com.facebook.flipper:flipper:0.33.1] AndroidManifest.xml:16:22-73
14    <uses-permission android:name="android.permission.BLUETOOTH" />
14-->[:react-native-ble-manager] AndroidManifest.xml:7:5-68
14-->[:react-native-ble-manager] AndroidManifest.xml:7:22-65
15    <uses-permission android:name="android.permission.BLUETOOTH_ADMIN" />
15-->[:react-native-ble-manager] AndroidManifest.xml:8:5-74
15-->[:react-native-ble-manager] AndroidManifest.xml:8:22-71
16    <uses-permission android:name="android.permission.ACCESS_COARSE_LOCATION" />
16-->[:react-native-ble-manager] AndroidManifest.xml:9:5-81
16-->[:react-native-ble-manager] AndroidManifest.xml:9:22-78
17
18    <uses-feature
18-->[:react-native-ble-manager] AndroidManifest.xml:11:5-13:36
19        android:name="android.hardware.bluetooth_le"
19-->[:react-native-ble-manager] AndroidManifest.xml:12:9-53
20        android:required="false" />
20-->[:react-native-ble-manager] AndroidManifest.xml:13:9-33
21
22    <application
22-->src/main/AndroidManifest.xml:6:5-25:19
23        android:name="com.myble.MainApplication"
23-->src/main/AndroidManifest.xml:7:7-38
24        android:allowBackup="false"
24-->src/main/AndroidManifest.xml:11:7-34
25        android:appComponentFactory="androidx.core.app.CoreComponentFactory"
25-->[androidx.core:core:1.1.0] AndroidManifest.xml:24:18-86
26        android:debuggable="true"
27        android:icon="@mipmap/ic_launcher"
27-->src/main/AndroidManifest.xml:9:7-41
28        android:label="@string/app_name"
28-->src/main/AndroidManifest.xml:8:7-39
29        android:roundIcon="@mipmap/ic_launcher_round"
29-->src/main/AndroidManifest.xml:10:7-52
30        android:supportsRtl="true"
30-->[:react-native-spinkit] AndroidManifest.xml:11:9-35
31        android:theme="@style/AppTheme"
31-->src/main/AndroidManifest.xml:12:7-38
32        android:usesCleartextTraffic="true" >
32-->src/debug/AndroidManifest.xml:7:18-53
33        <activity
33-->src/main/AndroidManifest.xml:13:7-23:18
34            android:name="com.myble.MainActivity"
34-->src/main/AndroidManifest.xml:14:9-37
35            android:configChanges="keyboard|keyboardHidden|orientation|screenSize|uiMode"
35-->src/main/AndroidManifest.xml:16:9-86
36            android:label="@string/app_name"
36-->src/main/AndroidManifest.xml:15:9-41
37            android:launchMode="singleTask"
37-->src/main/AndroidManifest.xml:17:9-40
38            android:windowSoftInputMode="adjustResize" >
38-->src/main/AndroidManifest.xml:18:9-51
39            <intent-filter>
39-->src/main/AndroidManifest.xml:19:9-22:25
40                <action android:name="android.intent.action.MAIN" />
40-->src/main/AndroidManifest.xml:20:13-65
40-->src/main/AndroidManifest.xml:20:21-62
41
42                <category android:name="android.intent.category.LAUNCHER" />
42-->src/main/AndroidManifest.xml:21:13-73
42-->src/main/AndroidManifest.xml:21:23-70
43            </intent-filter>
44        </activity>
45        <activity android:name="com.facebook.react.devsupport.DevSettingsActivity" />
45-->src/main/AndroidManifest.xml:24:7-84
45-->src/main/AndroidManifest.xml:24:17-81
46    </application>
47
48</manifest>